<?xml version="1.0" encoding="UTF-8"?>
<!-- Generated by org.testng.reporters.JUnitReportReporter -->
<testsuite hostname="DESKTOP-0FP7VCP" failures="0" tests="1" name="SelenideSessions.SelenideSessions.AppTest" time="3.951" errors="0" timestamp="2022-01-27T15:27:15 BRT" skipped="0">
  <testcase classname="SelenideSessions.SelenideSessions.AppTest" name="testLogin" time="3.951"/>
  <system-out/>
</testsuite> <!-- SelenideSessions.SelenideSessions.AppTest -->
